La génération a démarré 02/05/2015 22:48:53.
     1>Projet "C:\Users\renaud\GIT\School_Project\MI44-TP2\project_files\MI44_RSA.vcxproj" sur le nœud 2 (Build cible(s)).
     1>PreBuildEvent:
         setlocal
         cd C:\Users\renaud\GIT\School_Project\MI44-TP2\project_files
         if %errorlevel% neq 0 goto :cmEnd
         C:
         if %errorlevel% neq 0 goto :cmEnd
         "C:\Program Files (x86)\CMake\bin\cmake.exe" -E cmake_autogen C:/Users/renaud/GIT/School_Project/MI44-TP2/project_files/CMakeFiles/MI44_RSA_automoc.dir/ Debug
         if %errorlevel% neq 0 goto :cmEnd
         :cmEnd
         endlocal & call :cmErrorLevel %errorlevel% & goto :cmDone
         :cmErrorLevel
         exit /b %1
         :cmDone
         if %errorlevel% neq 0 goto :VCEnd
         :VCEnd
       ClCompile:
         C:\Program Files (x86)\Microsoft Visual Studio 12.0\VC\bin\CL.exe /c /IC:\Lib\Qt\5.4\msvc2013\include /IC:\Lib\Qt\5.4\msvc2013\include\QtWidgets /IC:\Lib\Qt\5.4\msvc2013\include\QtGui /IC:\Lib\Qt\5.4\msvc2013\include\QtCore /I"C:\Lib\Qt\5.4\msvc2013\mkspecs\win32-msvc2013" /Zi /nologo /W1 /WX- /Od /Ob0 /Oy- /D _DEBUG /D QT_WIDGETS_LIB /D QT_GUI_LIB /D QT_CORE_LIB /D "CMAKE_INTDIR=\"Debug\"" /D _MBCS /Gm- /RTC1 /MDd /GS /fp:precise /Zc:wchar_t /Zc:forScope /Fo"MI44_RSA.dir\Debug\\" /Fd"MI44_RSA.dir\Debug\vc120.pdb" /Gd /TP /analyze- /errorReport:prompt "C:\Users\renaud\GIT\School_Project\MI44-TP2\src\main.cpp"
         main.cpp
     1>C:\Program Files (x86)\Microsoft Visual Studio 12.0\VC\include\xlocale(337): warning C4530: Gestionnaire d'exceptions C++ utilisé, mais les sémantiques de déroulement n'ont pas été activées. Spécifiez /EHsc
     1>C:\Users\renaud\GIT\School_Project\MI44-TP2\src\main.cpp(140): warning C4930: 'QApplication app(void)' : fonction prototypée non appelée (était-ce la définition de variable souhaitée ?)
       Link:
         C:\Program Files (x86)\Microsoft Visual Studio 12.0\VC\bin\link.exe /ERRORREPORT:PROMPT /OUT:"C:\Users\renaud\GIT\School_Project\MI44-TP2\project_files\bin\Debug\MI44_RSA.exe" /INCREMENTAL /NOLOGO kernel32.lib user32.lib gdi32.lib winspool.lib shell32.lib ole32.lib oleaut32.lib uuid.lib comdlg32.lib advapi32.lib C:\Lib\Qt\5.4\msvc2013\lib\Qt5Widgetsd.lib C:\Lib\Qt\5.4\msvc2013\lib\Qt5Guid.lib C:\Lib\Qt\5.4\msvc2013\lib\Qt5Cored.lib /MANIFEST /MANIFESTUAC:"level='asInvoker' uiAccess='false'" /manifest:embed /DEBUG /PDB:"C:/Users/renaud/GIT/School_Project/MI44-TP2/project_files/bin/Debug/MI44_RSA.pdb" /SUBSYSTEM:CONSOLE /TLBID:1 /DYNAMICBASE /NXCOMPAT /IMPLIB:"C:/Users/renaud/GIT/School_Project/MI44-TP2/project_files/bin/Debug/MI44_RSA.lib" /MACHINE:X86 /SAFESEH  /machine:X86 /debug MI44_RSA.dir\Debug\Fenetre.obj
         MI44_RSA.dir\Debug\feistel.obj
         MI44_RSA.dir\Debug\main.obj
         MI44_RSA.dir\Debug\msg.obj
         MI44_RSA.dir\Debug\rsa.obj
         MI44_RSA.dir\Debug\MI44_RSA_automoc.obj
         MI44_RSA.vcxproj -> C:\Users\renaud\GIT\School_Project\MI44-TP2\project_files\bin\Debug\MI44_RSA.exe
     1>Génération du projet "C:\Users\renaud\GIT\School_Project\MI44-TP2\project_files\MI44_RSA.vcxproj" terminée (Build cible(s)).

La génération a réussi.

Temps écoulé 00:00:02.28
